{"level":"info","message":"✅ Server running on http://localhost:5000","timestamp":"2026-02-23 00:45:39"}
{"level":"info","message":"📍 Health check: http://localhost:5000/health","timestamp":"2026-02-23 00:45:39"}
{"level":"info","message":"✅ Server running on http://localhost:5000","timestamp":"2026-02-23 08:27:51"}
{"level":"info","message":"📍 Health check: http://localhost:5000/health","timestamp":"2026-02-23 08:27:51"}
{"level":"error","message":"❌ Database connection failed: ","timestamp":"2026-02-23 08:27:51"}
{"level":"info","message":"✅ Server running on http://localhost:5000","timestamp":"2026-02-23 08:39:39"}
{"level":"info","message":"📍 Health check: http://localhost:5000/health","timestamp":"2026-02-23 08:39:39"}
{"level":"info","message":"✅ Server running on http://localhost:5000","timestamp":"2026-02-23 08:48:25"}
{"level":"info","message":"📍 Health check: http://localhost:5000/health","timestamp":"2026-02-23 08:48:25"}
{"level":"info","message":"✅ Server running on http://localhost:5000","timestamp":"2026-02-23 09:52:57"}
{"level":"info","message":"📍 Health check: http://localhost:5000/health","timestamp":"2026-02-23 09:52:57"}
{"level":"error","message":"❌ Database connection failed: ","timestamp":"2026-02-23 09:52:57"}
{"level":"info","message":"✅ Server running on http://localhost:5000","timestamp":"2026-02-23 09:55:24"}
{"level":"info","message":"📍 Health check: http://localhost:5000/health","timestamp":"2026-02-23 09:55:24"}
{"level":"info","message":"✅ Server running on http://localhost:5000","timestamp":"2026-02-23 09:56:47"}
{"level":"info","message":"📍 Health check: http://localhost:5000/health","timestamp":"2026-02-23 09:56:47"}
{"level":"error","message":"❌ Database connection failed: ","timestamp":"2026-02-23 09:56:47"}
{"level":"error","message":"Full error: {\"name\":\"SequelizeConnectionRefusedError\",\"parent\":{\"code\":\"ECONNREFUSED\"},\"original\":{\"code\":\"ECONNREFUSED\"}}","timestamp":"2026-02-23 09:56:47"}
{"level":"info","message":"✅ All models synchronized with database","timestamp":"2026-02-23 09:56:47"}
{"level":"info","message":"✅ Server running on http://localhost:5000","timestamp":"2026-02-23 09:58:30"}
{"level":"info","message":"📍 Health check: http://localhost:5000/health","timestamp":"2026-02-23 09:58:30"}
{"level":"info","message":"✅ PostgreSQL Connected via Sequelize","timestamp":"2026-02-23 09:58:33"}
{"level":"info","message":"✅ Database models synchronized","timestamp":"2026-02-23 09:58:39"}
{"level":"info","message":"✅ All models synchronized with database","timestamp":"2026-02-23 09:58:39"}
{"level":"info","message":"✅ Server running on http://localhost:5000","timestamp":"2026-02-23 10:01:24"}
{"level":"info","message":"📍 Health check: http://localhost:5000/health","timestamp":"2026-02-23 10:01:24"}
{"level":"info","message":"✅ PostgreSQL Connected via Sequelize","timestamp":"2026-02-23 10:01:26"}
{"level":"info","message":"✅ Server running on http://localhost:5000","timestamp":"2026-02-23 10:09:15"}
{"level":"info","message":"📍 Health check: http://localhost:5000/health","timestamp":"2026-02-23 10:09:15"}
{"level":"info","message":"✅ PostgreSQL Connected via Sequelize","timestamp":"2026-02-23 10:09:18"}
{"level":"info","message":"✅ Database models synchronized","timestamp":"2026-02-23 10:09:30"}
{"level":"info","message":"✅ All models synchronized with database","timestamp":"2026-02-23 10:09:30"}
{"level":"info","message":"New user registered: testuser@example.com","timestamp":"2026-02-23 10:11:59"}
{"level":"info","message":"User logged in: testuser@example.com","timestamp":"2026-02-23 10:12:15"}
{"level":"info","message":"✅ Server running on http://localhost:5000","timestamp":"2026-02-23 12:02:37"}
{"level":"info","message":"📍 Health check: http://localhost:5000/health","timestamp":"2026-02-23 12:02:37"}
{"level":"info","message":"✅ PostgreSQL Connected via Sequelize","timestamp":"2026-02-23 12:02:40"}
{"level":"info","message":"✅ Database models synchronized","timestamp":"2026-02-23 12:02:53"}
{"level":"info","message":"✅ All models synchronized with database","timestamp":"2026-02-23 12:02:53"}
{"level":"info","message":"✅ Server running on http://localhost:5000","timestamp":"2026-02-23 13:16:16"}
{"level":"info","message":"📍 Health check: http://localhost:5000/health","timestamp":"2026-02-23 13:16:16"}
{"level":"info","message":"✅ PostgreSQL Connected via Sequelize","timestamp":"2026-02-23 13:16:19"}
{"level":"info","message":"✅ Database models synchronized","timestamp":"2026-02-23 13:16:32"}
{"level":"info","message":"✅ All models synchronized with database","timestamp":"2026-02-23 13:16:32"}
{"level":"info","message":"✅ Server running on http://localhost:5000","timestamp":"2026-02-23 13:29:27"}
{"level":"info","message":"📍 Health check: http://localhost:5000/health","timestamp":"2026-02-23 13:29:27"}
{"level":"info","message":"✅ PostgreSQL Connected via Sequelize","timestamp":"2026-02-23 13:29:30"}
{"level":"info","message":"✅ Database models synchronized","timestamp":"2026-02-23 13:29:43"}
{"level":"info","message":"✅ All models synchronized with database","timestamp":"2026-02-23 13:29:43"}
{"level":"info","message":"✅ Server running on http://localhost:5000","timestamp":"2026-02-23 13:48:54"}
{"level":"info","message":"📍 Health check: http://localhost:5000/health","timestamp":"2026-02-23 13:48:54"}
{"level":"info","message":"✅ PostgreSQL Connected via Sequelize","timestamp":"2026-02-23 13:48:57"}
{"level":"info","message":"✅ Database models synchronized","timestamp":"2026-02-23 13:49:10"}
{"level":"info","message":"✅ All models synchronized with database","timestamp":"2026-02-23 13:49:10"}
{"level":"info","message":"SIGTERM signal received: closing HTTP server","timestamp":"2026-02-23 15:12:27"}
{"level":"info","message":"✅ Server running on http://localhost:5000","timestamp":"2026-02-23 15:19:02"}
{"level":"info","message":"📍 Health check: http://localhost:5000/health","timestamp":"2026-02-23 15:19:02"}
{"level":"info","message":"✅ PostgreSQL Connected via Sequelize","timestamp":"2026-02-23 15:19:10"}
{"level":"info","message":"✅ Database models synchronized","timestamp":"2026-02-23 15:19:28"}
{"level":"info","message":"✅ All models synchronized with database","timestamp":"2026-02-23 15:19:28"}
{"level":"info","message":"✅ Server running on http://localhost:5000","timestamp":"2026-02-23 15:30:08"}
{"level":"info","message":"📍 Health check: http://localhost:5000/health","timestamp":"2026-02-23 15:30:08"}
{"level":"info","message":"✅ PostgreSQL Connected via Sequelize","timestamp":"2026-02-23 15:30:22"}
{"level":"info","message":"✅ Database models synchronized","timestamp":"2026-02-23 15:30:48"}
{"level":"info","message":"✅ All models synchronized with database","timestamp":"2026-02-23 15:30:48"}
{"level":"info","message":"✅ Server running on http://localhost:5000","timestamp":"2026-02-23 16:03:47"}
{"level":"info","message":"📍 Health check: http://localhost:5000/health","timestamp":"2026-02-23 16:03:54"}
{"level":"info","message":"✅ PostgreSQL Connected via Sequelize","timestamp":"2026-02-23 16:04:35"}
{"level":"info","message":"✅ Database models synchronized","timestamp":"2026-02-23 16:06:03"}
{"level":"info","message":"✅ All models synchronized with database","timestamp":"2026-02-23 16:06:04"}
{"level":"info","message":"✅ Server running on http://localhost:5000","timestamp":"2026-02-23 18:24:05"}
{"level":"info","message":"📍 Health check: http://localhost:5000/health","timestamp":"2026-02-23 18:24:05"}
{"level":"info","message":"✅ PostgreSQL Connected via Sequelize","timestamp":"2026-02-23 18:24:16"}
{"level":"info","message":"✅ Database models synchronized","timestamp":"2026-02-23 18:24:31"}
{"level":"info","message":"✅ All models synchronized with database","timestamp":"2026-02-23 18:24:32"}
{"level":"info","message":"✅ Server running on http://localhost:5000","timestamp":"2026-02-23 18:28:35"}
{"level":"info","message":"📍 Health check: http://localhost:5000/health","timestamp":"2026-02-23 18:28:35"}
{"level":"info","message":"✅ PostgreSQL Connected via Sequelize","timestamp":"2026-02-23 18:28:45"}
{"level":"info","message":"✅ Database models synchronized","timestamp":"2026-02-23 18:29:04"}
{"level":"info","message":"✅ All models synchronized with database","timestamp":"2026-02-23 18:29:04"}
{"level":"info","message":"✅ Server running on http://localhost:5000","timestamp":"2026-02-23 18:34:58"}
{"level":"info","message":"📍 Health check: http://localhost:5000/health","timestamp":"2026-02-23 18:34:59"}
{"level":"info","message":"✅ PostgreSQL Connected via Sequelize","timestamp":"2026-02-23 18:35:08"}
{"level":"info","message":"✅ Database models synchronized","timestamp":"2026-02-23 18:35:23"}
{"level":"info","message":"✅ All models synchronized with database","timestamp":"2026-02-23 18:35:23"}
{"level":"info","message":"✅ Server running on http://localhost:5000","timestamp":"2026-02-23 18:48:42"}
{"level":"info","message":"📍 Health check: http://localhost:5000/health","timestamp":"2026-02-23 18:48:42"}
{"level":"info","message":"✅ PostgreSQL Connected via Sequelize","timestamp":"2026-02-23 18:48:52"}
{"level":"info","message":"✅ Database models synchronized","timestamp":"2026-02-23 18:49:07"}
{"level":"info","message":"✅ All models synchronized with database","timestamp":"2026-02-23 18:49:07"}
{"level":"info","message":"✅ Server running on http://localhost:5000","timestamp":"2026-02-23 19:04:53"}
{"level":"info","message":"📍 Health check: http://localhost:5000/health","timestamp":"2026-02-23 19:04:54"}
{"level":"info","message":"✅ PostgreSQL Connected via Sequelize","timestamp":"2026-02-23 19:05:00"}
{"level":"info","message":"✅ Database models synchronized","timestamp":"2026-02-23 19:05:21"}
{"level":"info","message":"✅ All models synchronized with database","timestamp":"2026-02-23 19:05:21"}
{"level":"info","message":"✅ Server running on http://localhost:5000","timestamp":"2026-02-25 17:07:34"}
{"level":"info","message":"📍 Health check: http://localhost:5000/health","timestamp":"2026-02-25 17:07:36"}
{"level":"info","message":"✅ PostgreSQL Connected via Sequelize","timestamp":"2026-02-25 17:07:42"}
{"level":"info","message":"✅ Database models synchronized","timestamp":"2026-02-25 17:08:00"}
{"level":"info","message":"✅ All models synchronized with database","timestamp":"2026-02-25 17:08:00"}
{"level":"info","message":"🚀 Server running on port 5000","service":"deriv-trading-saas","timestamp":"2026-03-05 20:42:13"}
{"level":"info","message":"🚀 Server running on port 5000","service":"deriv-trading-saas","timestamp":"2026-03-05 20:44:15"}
{"level":"info","message":"🚀 Server running on port 5000","service":"deriv-trading-saas","timestamp":"2026-03-05 20:51:04"}
{"level":"info","message":"🚀 Server running on port 5000","service":"deriv-trading-saas","timestamp":"2026-03-05 21:02:01"}
{"level":"info","message":"🚀 Server running on port 5000","service":"deriv-trading-saas","timestamp":"2026-03-05 21:06:27"}
{"level":"info","message":"🚀 Server running on port 5000","service":"deriv-trading-saas","timestamp":"2026-03-05 21:13:46"}
{"error":"Registration failed: Email already registered","level":"error","message":"Registration error","service":"deriv-trading-saas","timestamp":"2026-03-05 21:35:15"}
{"level":"error","message":"Error Registration failed: Email already registered","method":"POST","service":"deriv-trading-saas","stack":"Error: Registration failed: Email already registered\n    at AuthService.register (/home/tieshamowatt506/deriv-trading-saas/src/services/authService.js:50:13)\n    at process.processTicksAndRejections (node:internal/process/task_queues:95:5)\n    at async register (/home/tieshamowatt506/deriv-trading-saas/src/controllers/authController.js:25:22)","timestamp":"2026-03-05 21:35:15","url":"/api/auth/register"}
{"email":"test@example.com","error":"Login failed: User.findByEmail is not a function","level":"warn","message":"Login failed","service":"deriv-trading-saas","timestamp":"2026-03-05 21:37:33"}
{"level":"info","message":"🚀 Server running on port 5000","service":"deriv-trading-saas","timestamp":"2026-03-05 21:49:24"}
{"level":"info","message":"🚀 Server running on port 5000","service":"deriv-trading-saas","timestamp":"2026-03-05 21:49:30"}
{"email":"test@example.com","error":"Login failed: Invalid email or password","level":"warn","message":"Login failed","service":"deriv-trading-saas","timestamp":"2026-03-05 21:49:59"}
{"error":"Registration failed: Email already registered","level":"error","message":"Registration error","service":"deriv-trading-saas","timestamp":"2026-03-05 21:51:17"}
{"level":"error","message":"Error Registration failed: Email already registered","method":"POST","service":"deriv-trading-saas","stack":"Error: Registration failed: Email already registered\n    at AuthService.register (/home/tieshamowatt506/deriv-trading-saas/src/services/authService.js:50:13)\n    at process.processTicksAndRejections (node:internal/process/task_queues:95:5)\n    at async register (/home/tieshamowatt506/deriv-trading-saas/src/controllers/authController.js:25:22)","timestamp":"2026-03-05 21:51:21","url":"/api/auth/register"}
{"error":"Registration failed: connection failure during authentication","level":"error","message":"Registration error","service":"deriv-trading-saas","timestamp":"2026-03-05 21:53:18"}
{"level":"error","message":"Error Registration failed: connection failure during authentication","method":"POST","service":"deriv-trading-saas","stack":"Error: Registration failed: connection failure during authentication\n    at AuthService.register (/home/tieshamowatt506/deriv-trading-saas/src/services/authService.js:50:13)\n    at process.processTicksAndRejections (node:internal/process/task_queues:95:5)\n    at async register (/home/tieshamowatt506/deriv-trading-saas/src/controllers/authController.js:25:22)","timestamp":"2026-03-05 21:53:19","url":"/api/auth/register"}
{"email":"test@example.com","error":"Login failed: Invalid email or password","level":"warn","message":"Login failed","service":"deriv-trading-saas","timestamp":"2026-03-05 21:53:22"}
{"level":"info","message":"🚀 Server running on port 5000","service":"deriv-trading-saas","timestamp":"2026-03-05 21:55:15"}
{"error":"Registration failed: Email already registered","level":"error","message":"Registration error","service":"deriv-trading-saas","timestamp":"2026-03-05 21:57:16"}
{"level":"error","message":"Error Registration failed: Email already registered","method":"POST","service":"deriv-trading-saas","stack":"Error: Registration failed: Email already registered\n    at AuthService.register (/home/tieshamowatt506/deriv-trading-saas/src/services/authService.js:50:13)\n    at process.processTicksAndRejections (node:internal/process/task_queues:95:5)\n    at async register (/home/tieshamowatt506/deriv-trading-saas/src/controllers/authController.js:25:22)","timestamp":"2026-03-05 21:57:17","url":"/api/auth/register"}
{"level":"info","message":"🚀 Server running on port 5000","service":"deriv-trading-saas","timestamp":"2026-03-05 22:03:46"}
{"error":"Registration failed: Email already registered","level":"error","message":"Registration error","service":"deriv-trading-saas","timestamp":"2026-03-05 22:04:22"}
{"level":"error","message":"Error Registration failed: Email already registered","method":"POST","service":"deriv-trading-saas","stack":"Error: Registration failed: Email already registered\n    at AuthService.register (/home/tieshamowatt506/deriv-trading-saas/src/services/authService.js:50:13)\n    at process.processTicksAndRejections (node:internal/process/task_queues:95:5)\n    at async register (/home/tieshamowatt506/deriv-trading-saas/src/controllers/authController.js:25:22)","timestamp":"2026-03-05 22:04:22","url":"/api/auth/register"}
{"level":"info","message":"🚀 Server running on port 5000","service":"deriv-trading-saas","timestamp":"2026-03-05 22:10:01"}
{"error":"Registration failed: column \"username\" does not exist","level":"error","message":"Registration error","service":"deriv-trading-saas","timestamp":"2026-03-05 22:10:17"}
{"level":"error","message":"Error Registration failed: column \"username\" does not exist","method":"POST","service":"deriv-trading-saas","stack":"Error: Registration failed: column \"username\" does not exist\n    at AuthService.register (/home/tieshamowatt506/deriv-trading-saas/src/services/authService.js:50:13)\n    at process.processTicksAndRejections (node:internal/process/task_queues:95:5)\n    at async register (/home/tieshamowatt506/deriv-trading-saas/src/controllers/authController.js:25:22)","timestamp":"2026-03-05 22:10:17","url":"/api/auth/register"}
{"level":"info","message":"🚀 Server running on port 5000","service":"deriv-trading-saas","timestamp":"2026-03-05 22:27:45"}
{"error":"Registration failed: column \"username\" does not exist","level":"error","message":"Registration error","service":"deriv-trading-saas","timestamp":"2026-03-05 22:29:33"}
{"level":"error","message":"Error Registration failed: column \"username\" does not exist","method":"POST","service":"deriv-trading-saas","stack":"Error: Registration failed: column \"username\" does not exist\n    at AuthService.register (/home/tieshamowatt506/deriv-trading-saas/src/services/authService.js:50:13)\n    at process.processTicksAndRejections (node:internal/process/task_queues:95:5)\n    at async register (/home/tieshamowatt506/deriv-trading-saas/src/controllers/authController.js:25:22)","timestamp":"2026-03-05 22:29:34","url":"/api/auth/register"}
{"level":"info","message":"🚀 Server running on port 5000","service":"deriv-trading-saas","timestamp":"2026-03-05 22:35:15"}
{"error":"Registration failed: column \"username\" does not exist","level":"error","message":"Registration error","service":"deriv-trading-saas","timestamp":"2026-03-05 22:36:51"}
{"level":"error","message":"Error Registration failed: column \"username\" does not exist","method":"POST","service":"deriv-trading-saas","stack":"Error: Registration failed: column \"username\" does not exist\n    at AuthService.register (/home/tieshamowatt506/deriv-trading-saas/src/services/authService.js:50:13)\n    at process.processTicksAndRejections (node:internal/process/task_queues:95:5)\n    at async register (/home/tieshamowatt506/deriv-trading-saas/src/controllers/authController.js:25:22)","timestamp":"2026-03-05 22:36:51","url":"/api/auth/register"}
{"email":"test@example.com","error":"Login failed: column \"username\" does not exist","level":"warn","message":"Login failed","service":"deriv-trading-saas","timestamp":"2026-03-05 22:37:08"}
{"level":"info","message":"🚀 Server running on port 5000","service":"deriv-trading-saas","timestamp":"2026-03-05 22:38:57"}
{"error":"Registration failed: column \"username\" does not exist","level":"error","message":"Registration error","service":"deriv-trading-saas","timestamp":"2026-03-05 22:39:32"}
{"level":"error","message":"Error Registration failed: column \"username\" does not exist","method":"POST","service":"deriv-trading-saas","stack":"Error: Registration failed: column \"username\" does not exist\n    at AuthService.register (/home/tieshamowatt506/deriv-trading-saas/src/services/authService.js:50:13)\n    at process.processTicksAndRejections (node:internal/process/task_queues:95:5)\n    at async register (/home/tieshamowatt506/deriv-trading-saas/src/controllers/authController.js:25:22)","timestamp":"2026-03-05 22:39:32","url":"/api/auth/register"}
{"level":"info","message":"🚀 Server running on port 5000","service":"deriv-trading-saas","timestamp":"2026-03-05 22:41:55"}
{"error":"Registration failed: column \"username\" does not exist","level":"error","message":"Registration error","service":"deriv-trading-saas","timestamp":"2026-03-05 22:42:21"}
{"level":"error","message":"Error Registration failed: column \"username\" does not exist","method":"POST","service":"deriv-trading-saas","stack":"Error: Registration failed: column \"username\" does not exist\n    at AuthService.register (/home/tieshamowatt506/deriv-trading-saas/src/services/authService.js:50:13)\n    at process.processTicksAndRejections (node:internal/process/task_queues:95:5)\n    at async register (/home/tieshamowatt506/deriv-trading-saas/src/controllers/authController.js:25:22)","timestamp":"2026-03-05 22:42:21","url":"/api/auth/register"}
{"error":"Registration failed: column \"username\" does not exist","level":"error","message":"Registration error","service":"deriv-trading-saas","timestamp":"2026-03-05 22:44:09"}
{"level":"error","message":"Error Registration failed: column \"username\" does not exist","method":"POST","service":"deriv-trading-saas","stack":"Error: Registration failed: column \"username\" does not exist\n    at AuthService.register (/home/tieshamowatt506/deriv-trading-saas/src/services/authService.js:50:13)\n    at process.processTicksAndRejections (node:internal/process/task_queues:95:5)\n    at async register (/home/tieshamowatt506/deriv-trading-saas/src/controllers/authController.js:25:22)","timestamp":"2026-03-05 22:44:09","url":"/api/auth/register"}
{"level":"info","message":"🚀 Server running on port 5000","service":"deriv-trading-saas","timestamp":"2026-03-05 22:54:07"}
{"error":"Registration failed: column \"username\" does not exist","level":"error","message":"Registration error","service":"deriv-trading-saas","timestamp":"2026-03-05 22:55:52"}
{"level":"error","message":"Error Registration failed: column \"username\" does not exist","method":"POST","service":"deriv-trading-saas","stack":"Error: Registration failed: column \"username\" does not exist\n    at AuthService.register (/home/tieshamowatt506/deriv-trading-saas/src/services/authService.js:50:13)\n    at process.processTicksAndRejections (node:internal/process/task_queues:95:5)\n    at async register (/home/tieshamowatt506/deriv-trading-saas/src/controllers/authController.js:25:22)","timestamp":"2026-03-05 22:55:52","url":"/api/auth/register"}
{"level":"info","message":"🚀 Server running on port 5000","service":"deriv-trading-saas","timestamp":"2026-03-05 22:59:41"}
{"error":"Registration failed: Email already registered","level":"error","message":"Registration error","service":"deriv-trading-saas","timestamp":"2026-03-05 23:00:23"}
{"level":"error","message":"Error Registration failed: Email already registered","method":"POST","service":"deriv-trading-saas","stack":"Error: Registration failed: Email already registered\n    at AuthService.register (/home/tieshamowatt506/deriv-trading-saas/src/services/authService.js:50:13)\n    at process.processTicksAndRejections (node:internal/process/task_queues:95:5)\n    at async register (/home/tieshamowatt506/deriv-trading-saas/src/controllers/authController.js:25:22)","timestamp":"2026-03-05 23:00:23","url":"/api/auth/register"}
{"email":"success@example.com","level":"info","message":"User registered","service":"deriv-trading-saas","timestamp":"2026-03-05 23:02:06","username":"trader_two"}
{"email":"success@example.com","level":"info","message":"User logged in","service":"deriv-trading-saas","timestamp":"2026-03-05 23:03:21"}
{"level":"info","message":"🚀 Server running on port 5000","service":"deriv-trading-saas","timestamp":"2026-03-05 23:09:40"}
{"level":"info","message":"🚀 Server running on port 5000 {\"service\":\"deriv-trading-saas\"}","service":"deriv-trading-saas","timestamp":"2026-03-06 00:07:07"}
{"level":"info","message":"✅ Connected to Supabase/AWS PostgreSQL","service":"deriv-trading-saas","timestamp":"2026-03-06 00:07:09"}
{"level":"error","message":"❌ Database connection failed: column \"username\" of relation \"Users\" contains null values","service":"deriv-trading-saas","timestamp":"2026-03-06 00:07:10"}
{"level":"info","message":"🚀 Server running on port 5000 {\"service\":\"deriv-trading-saas\"}","service":"deriv-trading-saas","timestamp":"2026-03-06 00:14:25"}
{"level":"info","message":"✅ Connected to Supabase/AWS PostgreSQL","service":"deriv-trading-saas","timestamp":"2026-03-06 00:14:27"}
{"level":"info","message":"✅ Database models synchronized","service":"deriv-trading-saas","timestamp":"2026-03-06 00:14:32"}
{"email":"pro@example.com","level":"info","message":"User registered","service":"deriv-trading-saas","timestamp":"2026-03-06 00:15:36","username":"trader_pro"}
{"email":"pro@example.com","level":"info","message":"User logged in","service":"deriv-trading-saas","timestamp":"2026-03-06 00:15:45"}
{"level":"error","message":"Error Expected ',' or '}' after property value in JSON at position 19","method":"POST","service":"deriv-trading-saas","stack":"SyntaxError: Expected ',' or '}' after property value in JSON at position 19\n    at JSON.parse (<anonymous>)\n    at parse (/home/tieshamowatt506/deriv-trading-saas/node_modules/body-parser/lib/types/json.js:92:19)\n    at /home/tieshamowatt506/deriv-trading-saas/node_modules/body-parser/lib/read.js:128:18\n    at AsyncResource.runInAsyncScope (node:async_hooks:206:9)\n    at invokeCallback (/home/tieshamowatt506/deriv-trading-saas/node_modules/raw-body/index.js:238:16)\n    at done (/home/tieshamowatt506/deriv-trading-saas/node_modules/raw-body/index.js:227:7)\n    at IncomingMessage.onEnd (/home/tieshamowatt506/deriv-trading-saas/node_modules/raw-body/index.js:287:7)\n    at IncomingMessage.emit (node:events:524:28)\n    at endReadableNT (node:internal/streams/readable:1698:12)\n    at process.processTicksAndRejections (node:internal/process/task_queues:82:21)","timestamp":"2026-03-06 00:17:00","url":"/api/deriv/connect"}
{"level":"info","message":"Attempting to connect Deriv account for user: 8799db31-aa41-4a3f-b044-60f1a14b0114","service":"deriv-trading-saas","timestamp":"2026-03-06 00:17:56"}
{"level":"info","message":"Sending request to Deriv: authorize","service":"deriv-trading-saas","timestamp":"2026-03-06 00:17:57"}
{"level":"info","message":"Token validated for user:  Rockeme Barrington Scott","service":"deriv-trading-saas","timestamp":"2026-03-06 00:17:57"}
{"level":"info","message":"🚀 Server running on port 5000 {\"service\":\"deriv-trading-saas\"}","service":"deriv-trading-saas","timestamp":"2026-03-06 00:57:45"}
{"level":"info","message":"✅ Connected to Supabase/AWS PostgreSQL","service":"deriv-trading-saas","timestamp":"2026-03-06 00:57:46"}
{"level":"info","message":"✅ Database models synchronized","service":"deriv-trading-saas","timestamp":"2026-03-06 00:57:51"}
{"error":"Token verification failed: jwt malformed","level":"warn","message":"Authentication failed","service":"deriv-trading-saas","timestamp":"2026-03-06 00:58:12"}
{"email":"pro@example.com","level":"info","message":"User logged in","service":"deriv-trading-saas","timestamp":"2026-03-06 00:59:20"}
{"level":"info","message":"User 8799db31-aa41-4a3f-b044-60f1a14b0114 placing CALL trade on R_100","service":"deriv-trading-saas","timestamp":"2026-03-06 00:59:52"}
{"level":"info","message":"🚀 Server running on port 5000 {\"service\":\"deriv-trading-saas\"}","service":"deriv-trading-saas","timestamp":"2026-03-06 01:27:47"}
{"level":"info","message":"✅ Connected to Supabase/AWS PostgreSQL","service":"deriv-trading-saas","timestamp":"2026-03-06 01:27:49"}
{"level":"info","message":"✅ Database models synchronized","service":"deriv-trading-saas","timestamp":"2026-03-06 01:27:54"}
{"error":"Token verification failed: jwt expired","level":"warn","message":"Authentication failed","service":"deriv-trading-saas","timestamp":"2026-03-06 01:28:46"}
{"email":"pro@example.com","level":"info","message":"User logged in","service":"deriv-trading-saas","timestamp":"2026-03-06 01:29:32"}
{"level":"info","message":"User 8799db31-aa41-4a3f-b044-60f1a14b0114 placing CALL trade on R_100","service":"deriv-trading-saas","timestamp":"2026-03-06 01:29:59"}
{"level":"error","message":"Trade execution error: notNull Violation: TradeHistory.tradeType cannot be null","service":"deriv-trading-saas","timestamp":"2026-03-06 01:30:00"}
{"level":"info","message":"🚀 Server running on port 5000 {\"service\":\"deriv-trading-saas\"}","service":"deriv-trading-saas","timestamp":"2026-03-06 01:32:27"}
{"level":"info","message":"✅ Connected to Supabase/AWS PostgreSQL","service":"deriv-trading-saas","timestamp":"2026-03-06 01:32:29"}
{"level":"info","message":"✅ Database models synchronized","service":"deriv-trading-saas","timestamp":"2026-03-06 01:32:34"}
{"level":"info","message":"User 8799db31-aa41-4a3f-b044-60f1a14b0114 placing CALL trade on R_100","service":"deriv-trading-saas","timestamp":"2026-03-06 01:32:42"}
{"level":"error","message":"Trade execution error: invalid input value for enum \"enum_TradeHistories_status\": \"open\"","service":"deriv-trading-saas","timestamp":"2026-03-06 01:32:43"}
{"level":"info","message":"🚀 Server running on port 5000 {\"service\":\"deriv-trading-saas\"}","service":"deriv-trading-saas","timestamp":"2026-03-06 01:34:35"}
{"level":"info","message":"✅ Connected to Supabase/AWS PostgreSQL","service":"deriv-trading-saas","timestamp":"2026-03-06 01:34:36"}
{"level":"info","message":"✅ Database models synchronized","service":"deriv-trading-saas","timestamp":"2026-03-06 01:34:41"}
{"level":"info","message":"User 8799db31-aa41-4a3f-b044-60f1a14b0114 placing CALL trade on R_100","service":"deriv-trading-saas","timestamp":"2026-03-06 01:34:48"}
{"level":"error","message":"Trade execution error: invalid input value for enum \"enum_TradeHistories_status\": \"pending\"","service":"deriv-trading-saas","timestamp":"2026-03-06 01:34:48"}
{"level":"info","message":"🚀 Server running on port 5000 {\"service\":\"deriv-trading-saas\"}","service":"deriv-trading-saas","timestamp":"2026-03-06 01:39:56"}
{"level":"info","message":"✅ Connected to Supabase/AWS PostgreSQL","service":"deriv-trading-saas","timestamp":"2026-03-06 01:39:57"}
{"level":"info","message":"✅ Database models synchronized","service":"deriv-trading-saas","timestamp":"2026-03-06 01:40:02"}
{"level":"info","message":"Trade 308243052268 logged. Result check in 65s","service":"deriv-trading-saas","timestamp":"2026-03-06 01:40:09"}
{"level":"info","message":"Sending request to Deriv: authorize","service":"deriv-trading-saas","timestamp":"2026-03-06 01:41:15"}
{"level":"error","message":"Deriv API Error: Input validation failed: Properties not allowed: contract_id, proposal_open_contract.","service":"deriv-trading-saas","timestamp":"2026-03-06 01:41:15"}
{"level":"error","message":"Error checking contract 308243052268: Input validation failed: Properties not allowed: contract_id, proposal_open_contract.","service":"deriv-trading-saas","timestamp":"2026-03-06 01:41:15"}
{"level":"error","message":"Background check failed for trade 308243052268: Input validation failed: Properties not allowed: contract_id, proposal_open_contract.","service":"deriv-trading-saas","timestamp":"2026-03-06 01:41:15"}
{"level":"info","message":"🚀 Server running on port 5000 {\"service\":\"deriv-trading-saas\"}","service":"deriv-trading-saas","timestamp":"2026-03-06 01:45:14"}
{"level":"info","message":"✅ Connected to Supabase/AWS PostgreSQL","service":"deriv-trading-saas","timestamp":"2026-03-06 01:45:16"}
{"level":"info","message":"✅ Database models synchronized","service":"deriv-trading-saas","timestamp":"2026-03-06 01:45:21"}
{"error":"Token verification failed: jwt expired","level":"warn","message":"Authentication failed","service":"deriv-trading-saas","timestamp":"2026-03-06 01:45:36"}
{"email":"pro@example.com","level":"info","message":"User logged in","service":"deriv-trading-saas","timestamp":"2026-03-06 01:46:39"}
{"level":"info","message":"Trade 308243437508 logged. Result check in 65s","service":"deriv-trading-saas","timestamp":"2026-03-06 01:47:08"}
{"level":"info","message":"Trade 308243437508 settled: LOST","service":"deriv-trading-saas","timestamp":"2026-03-06 01:48:14"}
{"error":"Token verification failed: jwt malformed","level":"warn","message":"Authentication failed","service":"deriv-trading-saas","timestamp":"2026-03-06 01:49:33"}
{"level":"info","message":"🚀 Server running on port 5000 {\"service\":\"deriv-trading-saas\"}","service":"deriv-trading-saas","timestamp":"2026-03-06 01:56:11"}
{"level":"info","message":"✅ Connected to Supabase/AWS PostgreSQL","service":"deriv-trading-saas","timestamp":"2026-03-06 01:56:12"}
{"level":"info","message":"✅ Database models synchronized","service":"deriv-trading-saas","timestamp":"2026-03-06 01:56:17"}
{"level":"info","message":"🚀 Server running on port 5000 {\"service\":\"deriv-trading-saas\"}","service":"deriv-trading-saas","timestamp":"2026-03-06 10:05:19"}
{"level":"info","message":"✅ Connected to Supabase/AWS PostgreSQL","service":"deriv-trading-saas","timestamp":"2026-03-06 10:05:20"}
{"level":"info","message":"✅ Database models synchronized","service":"deriv-trading-saas","timestamp":"2026-03-06 10:05:26"}
{"level":"info","message":"🚀 Server running on port 5000 {\"service\":\"deriv-trading-saas\"}","service":"deriv-trading-saas","timestamp":"2026-03-06 10:09:18"}
{"level":"info","message":"✅ Connected to Supabase/AWS PostgreSQL","service":"deriv-trading-saas","timestamp":"2026-03-06 10:09:20"}
{"level":"info","message":"✅ Database models synchronized","service":"deriv-trading-saas","timestamp":"2026-03-06 10:09:26"}
{"error":"Token verification failed: jwt malformed","level":"warn","message":"Authentication failed","service":"deriv-trading-saas","timestamp":"2026-03-06 10:09:36"}
{"email":"your-email@example.com","error":"Login failed: Invalid email or password","level":"warn","message":"Login failed","service":"deriv-trading-saas","timestamp":"2026-03-06 10:09:57"}
{"email":"your-email@example.com","error":"Login failed: Invalid email or password","level":"warn","message":"Login failed","service":"deriv-trading-saas","timestamp":"2026-03-06 10:10:13"}
{"error":"Token verification failed: jwt malformed","level":"warn","message":"Authentication failed","service":"deriv-trading-saas","timestamp":"2026-03-06 10:11:20"}
{"error":"Registration failed: Email already registered","level":"error","message":"Registration error","service":"deriv-trading-saas","timestamp":"2026-03-06 10:11:54"}
{"level":"error","message":"Error Registration failed: Email already registered","method":"POST","service":"deriv-trading-saas","stack":"Error: Registration failed: Email already registered\n    at AuthService.register (/home/tieshamowatt506/deriv-trading-saas/src/services/authService.js:50:13)\n    at process.processTicksAndRejections (node:internal/process/task_queues:95:5)\n    at async register (/home/tieshamowatt506/deriv-trading-saas/src/controllers/authController.js:25:22)","timestamp":"2026-03-06 10:11:54","url":"/api/auth/register"}
{"email":"test@example.com","error":"Login failed: Invalid email or password","level":"warn","message":"Login failed","service":"deriv-trading-saas","timestamp":"2026-03-06 10:12:26"}
{"email":"tester2@example.com","level":"info","message":"User registered","service":"deriv-trading-saas","timestamp":"2026-03-06 10:12:53","username":"tester2"}
{"email":"tester2@example.com","level":"info","message":"User logged in","service":"deriv-trading-saas","timestamp":"2026-03-06 10:13:32"}
{"email":"tester2@example.com","level":"info","message":"User logged in","service":"deriv-trading-saas","timestamp":"2026-03-06 10:33:19"}
{"level":"info","message":"🚀 Server running on port 5000 {\"service\":\"deriv-trading-saas\"}","service":"deriv-trading-saas","timestamp":"2026-03-06 10:39:08"}
{"level":"info","message":"✅ Connected to Supabase/AWS PostgreSQL","service":"deriv-trading-saas","timestamp":"2026-03-06 10:39:10"}
{"level":"info","message":"✅ Database models synchronized","service":"deriv-trading-saas","timestamp":"2026-03-06 10:39:16"}
{"error":"Token verification failed: jwt malformed","level":"warn","message":"Authentication failed","service":"deriv-trading-saas","timestamp":"2026-03-06 10:40:39"}
{"email":"tester2@example.com","level":"info","message":"User logged in","service":"deriv-trading-saas","timestamp":"2026-03-06 10:41:01"}
{"level":"info","message":"Attempting to connect Deriv account for user: 3368de24-5daa-4f54-bfc7-8c7ead6a17fc","service":"deriv-trading-saas","timestamp":"2026-03-06 10:41:30"}
{"level":"info","message":"Sending request to Deriv: authorize","service":"deriv-trading-saas","timestamp":"2026-03-06 10:41:31"}
{"level":"error","message":"Deriv API Error: The token is invalid.","service":"deriv-trading-saas","timestamp":"2026-03-06 10:41:31"}
{"level":"error","message":"Connection error: The token is invalid.","service":"deriv-trading-saas","timestamp":"2026-03-06 10:41:31"}
{"level":"error","message":"Error Expected ',' or '}' after property value in JSON at position 19","method":"POST","service":"deriv-trading-saas","stack":"SyntaxError: Expected ',' or '}' after property value in JSON at position 19\n    at JSON.parse (<anonymous>)\n    at parse (/home/tieshamowatt506/deriv-trading-saas/node_modules/body-parser/lib/types/json.js:92:19)\n    at /home/tieshamowatt506/deriv-trading-saas/node_modules/body-parser/lib/read.js:128:18\n    at AsyncResource.runInAsyncScope (node:async_hooks:206:9)\n    at invokeCallback (/home/tieshamowatt506/deriv-trading-saas/node_modules/raw-body/index.js:238:16)\n    at done (/home/tieshamowatt506/deriv-trading-saas/node_modules/raw-body/index.js:227:7)\n    at IncomingMessage.onEnd (/home/tieshamowatt506/deriv-trading-saas/node_modules/raw-body/index.js:287:7)\n    at IncomingMessage.emit (node:events:524:28)\n    at endReadableNT (node:internal/streams/readable:1698:12)\n    at process.processTicksAndRejections (node:internal/process/task_queues:82:21)","timestamp":"2026-03-06 10:43:38","url":"/api/deriv/connect"}
{"level":"info","message":"Attempting to connect Deriv account for user: 3368de24-5daa-4f54-bfc7-8c7ead6a17fc","service":"deriv-trading-saas","timestamp":"2026-03-06 10:44:14"}
{"level":"info","message":"Sending request to Deriv: authorize","service":"deriv-trading-saas","timestamp":"2026-03-06 10:44:14"}
{"error":"Token verification failed: jwt malformed","level":"warn","message":"Authentication failed","service":"deriv-trading-saas","timestamp":"2026-03-06 10:45:50"}
{"email":"tester2@example.com","level":"info","message":"User logged in","service":"deriv-trading-saas","timestamp":"2026-03-06 10:46:14"}
{"level":"info","message":"Trade 308276902588 logged. Result check in 10s","service":"deriv-trading-saas","timestamp":"2026-03-06 10:46:43"}
{"level":"info","message":"🚀 Server running on port 5000 {\"service\":\"deriv-trading-saas\"}","service":"deriv-trading-saas","timestamp":"2026-03-06 10:48:31"}
{"level":"info","message":"✅ Connected to Supabase/AWS PostgreSQL","service":"deriv-trading-saas","timestamp":"2026-03-06 10:48:33"}
{"level":"info","message":"🚀 Server running on port 5000 {\"service\":\"deriv-trading-saas\"}","service":"deriv-trading-saas","timestamp":"2026-03-06 10:48:59"}
{"level":"info","message":"✅ Connected to Supabase/AWS PostgreSQL","service":"deriv-trading-saas","timestamp":"2026-03-06 10:49:02"}
{"level":"info","message":"✅ Database models synchronized","service":"deriv-trading-saas","timestamp":"2026-03-06 10:49:07"}
{"level":"error","message":"Error Class constructor AuthMiddleware cannot be invoked without 'new'","method":"GET","service":"deriv-trading-saas","stack":"TypeError: Class constructor AuthMiddleware cannot be invoked without 'new'\n    at Layer.handle [as handle_request] (/home/tieshamowatt506/deriv-trading-saas/node_modules/express/lib/router/layer.js:95:5)\n    at trim_prefix (/home/tieshamowatt506/deriv-trading-saas/node_modules/express/lib/router/index.js:328:13)\n    at /home/tieshamowatt506/deriv-trading-saas/node_modules/express/lib/router/index.js:286:9\n    at Function.process_params (/home/tieshamowatt506/deriv-trading-saas/node_modules/express/lib/router/index.js:346:12)\n    at next (/home/tieshamowatt506/deriv-trading-saas/node_modules/express/lib/router/index.js:280:10)\n    at Function.handle (/home/tieshamowatt506/deriv-trading-saas/node_modules/express/lib/router/index.js:175:3)\n    at router (/home/tieshamowatt506/deriv-trading-saas/node_modules/express/lib/router/index.js:47:12)\n    at Layer.handle [as handle_request] (/home/tieshamowatt506/deriv-trading-saas/node_modules/express/lib/router/layer.js:95:5)\n    at trim_prefix (/home/tieshamowatt506/deriv-trading-saas/node_modules/express/lib/router/index.js:328:13)\n    at /home/tieshamowatt506/deriv-trading-saas/node_modules/express/lib/router/index.js:286:9","timestamp":"2026-03-06 10:49:41","url":"/api/deriv/stats"}
{"level":"info","message":"🚀 Server running on port 5000 {\"service\":\"deriv-trading-saas\"}","service":"deriv-trading-saas","timestamp":"2026-03-06 10:54:30"}
{"level":"info","message":"✅ Connected to Supabase/AWS PostgreSQL","service":"deriv-trading-saas","timestamp":"2026-03-06 10:54:32"}
{"level":"info","message":"✅ Database models synchronized","service":"deriv-trading-saas","timestamp":"2026-03-06 10:54:39"}
{"level":"info","message":"🚀 Server running on port 5000 {\"service\":\"deriv-trading-saas\"}","service":"deriv-trading-saas","timestamp":"2026-03-06 10:54:50"}
{"level":"info","message":"✅ Connected to Supabase/AWS PostgreSQL","service":"deriv-trading-saas","timestamp":"2026-03-06 10:54:52"}
{"level":"info","message":"✅ Database models synchronized","service":"deriv-trading-saas","timestamp":"2026-03-06 10:54:58"}
{"level":"info","message":"Trade 308277537548 logged. Result check in 7s","service":"deriv-trading-saas","timestamp":"2026-03-06 10:56:50"}
{"level":"info","message":"🚀 Server running on port 5000 {\"service\":\"deriv-trading-saas\"}","service":"deriv-trading-saas","timestamp":"2026-03-06 11:01:43"}
{"level":"info","message":"✅ Connected to Supabase/AWS PostgreSQL","service":"deriv-trading-saas","timestamp":"2026-03-06 11:01:46"}
{"level":"info","message":"✅ Database models synchronized","service":"deriv-trading-saas","timestamp":"2026-03-06 11:01:54"}
{"level":"info","message":"🚀 Server running on port 5000 {\"service\":\"deriv-trading-saas\"}","service":"deriv-trading-saas","timestamp":"2026-03-06 11:02:08"}
{"level":"info","message":"✅ Connected to Supabase/AWS PostgreSQL","service":"deriv-trading-saas","timestamp":"2026-03-06 11:02:10"}
{"level":"info","message":"✅ Database models synchronized","service":"deriv-trading-saas","timestamp":"2026-03-06 11:02:16"}
{"level":"info","message":"🚀 Server running on port 5000 {\"service\":\"deriv-trading-saas\"}","service":"deriv-trading-saas","timestamp":"2026-03-06 11:02:26"}
{"level":"info","message":"✅ Connected to Supabase/AWS PostgreSQL","service":"deriv-trading-saas","timestamp":"2026-03-06 11:02:28"}
{"level":"info","message":"✅ Database models synchronized","service":"deriv-trading-saas","timestamp":"2026-03-06 11:02:34"}
{"error":"Token verification failed: jwt malformed","level":"warn","message":"Authentication failed","service":"deriv-trading-saas","timestamp":"2026-03-06 11:02:55"}
{"email":"tester2@example.com","level":"info","message":"User logged in","service":"deriv-trading-saas","timestamp":"2026-03-06 11:03:17"}
{"level":"info","message":"🚀 Server running on port 5000 {\"service\":\"deriv-trading-saas\"}","service":"deriv-trading-saas","timestamp":"2026-03-06 12:24:11"}
{"level":"info","message":"✅ Connected to Supabase/AWS PostgreSQL","service":"deriv-trading-saas","timestamp":"2026-03-06 12:24:17"}
{"level":"info","message":"✅ Database models synchronized","service":"deriv-trading-saas","timestamp":"2026-03-06 12:24:25"}
{"level":"info","message":"🚀 Server running on port 5000 {\"service\":\"deriv-trading-saas\"}","service":"deriv-trading-saas","timestamp":"2026-03-06 12:29:00"}
{"level":"info","message":"✅ Connected to Supabase/AWS PostgreSQL","service":"deriv-trading-saas","timestamp":"2026-03-06 12:29:02"}
{"level":"info","message":"✅ Database models synchronized","service":"deriv-trading-saas","timestamp":"2026-03-06 12:29:09"}
{"email":"boss@trade.com","level":"info","message":"User registered","service":"deriv-trading-saas","timestamp":"2026-03-06 12:32:40","username":"presi_boss"}
{"level":"info","message":"🚀 Server running on port 5000 {\"service\":\"deriv-trading-saas\"}","service":"deriv-trading-saas","timestamp":"2026-03-06 12:44:20"}
{"level":"info","message":"✅ Connected to Supabase/AWS PostgreSQL","service":"deriv-trading-saas","timestamp":"2026-03-06 12:44:23"}
{"level":"info","message":"✅ Database models synchronized","service":"deriv-trading-saas","timestamp":"2026-03-06 12:44:30"}
{"email":"admin@trade.com","level":"info","message":"User registered","service":"deriv-trading-saas","timestamp":"2026-03-06 12:44:54","username":"presi_admin"}
{"level":"info","message":"🚀 Server running on port 5000 {\"service\":\"deriv-trading-saas\"}","service":"deriv-trading-saas","timestamp":"2026-03-06 12:51:02"}
{"level":"info","message":"✅ Connected to Supabase/AWS PostgreSQL","service":"deriv-trading-saas","timestamp":"2026-03-06 12:51:05"}
{"level":"info","message":"✅ Database models synchronized","service":"deriv-trading-saas","timestamp":"2026-03-06 12:51:11"}
{"error":"Registration failed: Email already registered","level":"error","message":"Registration error","service":"deriv-trading-saas","timestamp":"2026-03-06 12:51:17"}
{"level":"error","message":"Error Registration failed: Email already registered","method":"POST","service":"deriv-trading-saas","stack":"Error: Registration failed: Email already registered\n    at AuthService.register (/home/tieshamowatt506/deriv-trading-saas/src/services/authService.js:50:13)\n    at process.processTicksAndRejections (node:internal/process/task_queues:95:5)\n    at async register (/home/tieshamowatt506/deriv-trading-saas/src/controllers/authController.js:25:22)","timestamp":"2026-03-06 12:51:17","url":"/api/auth/register"}
{"level":"info","message":"🚀 Server running on port 5000 {\"service\":\"deriv-trading-saas\"}","service":"deriv-trading-saas","timestamp":"2026-03-06 13:06:37"}
{"level":"info","message":"✅ Connected to Supabase/AWS PostgreSQL","service":"deriv-trading-saas","timestamp":"2026-03-06 13:06:39"}
{"level":"info","message":"✅ Database models synchronized","service":"deriv-trading-saas","timestamp":"2026-03-06 13:06:46"}
{"email":"admin@trade.com","level":"info","message":"User logged in","service":"deriv-trading-saas","timestamp":"2026-03-06 13:06:48"}
{"email":"admin@trade.com","level":"info","message":"User logged in","service":"deriv-trading-saas","timestamp":"2026-03-06 13:06:52"}
{"level":"info","message":"🚀 Server running on port 5000 {\"service\":\"deriv-trading-saas\"}","service":"deriv-trading-saas","timestamp":"2026-03-06 13:18:52"}
{"level":"info","message":"✅ Connected to Supabase/AWS PostgreSQL","service":"deriv-trading-saas","timestamp":"2026-03-06 13:18:53"}
{"level":"info","message":"✅ Database models synchronized","service":"deriv-trading-saas","timestamp":"2026-03-06 13:19:00"}
{"error":"Token verification failed: jwt malformed","level":"warn","message":"Authentication failed","service":"deriv-trading-saas","timestamp":"2026-03-06 13:20:57"}
{"error":"Token verification failed: jwt malformed","level":"warn","message":"Authentication failed","service":"deriv-trading-saas","timestamp":"2026-03-06 13:21:00"}
{"error":"Token verification failed: jwt malformed","level":"warn","message":"Authentication failed","service":"deriv-trading-saas","timestamp":"2026-03-06 13:21:01"}
{"error":"Token verification failed: jwt malformed","level":"warn","message":"Authentication failed","service":"deriv-trading-saas","timestamp":"2026-03-06 13:21:01"}
{"error":"Token verification failed: jwt malformed","level":"warn","message":"Authentication failed","service":"deriv-trading-saas","timestamp":"2026-03-06 13:21:02"}
{"error":"Token verification failed: jwt malformed","level":"warn","message":"Authentication failed","service":"deriv-trading-saas","timestamp":"2026-03-06 13:21:02"}
{"error":"Token verification failed: jwt malformed","level":"warn","message":"Authentication failed","service":"deriv-trading-saas","timestamp":"2026-03-06 13:21:03"}
{"error":"Token verification failed: jwt malformed","level":"warn","message":"Authentication failed","service":"deriv-trading-saas","timestamp":"2026-03-06 13:21:03"}
{"error":"Token verification failed: jwt malformed","level":"warn","message":"Authentication failed","service":"deriv-trading-saas","timestamp":"2026-03-06 13:21:27"}
{"email":"admin@trade.com","level":"info","message":"User logged in","service":"deriv-trading-saas","timestamp":"2026-03-06 13:24:01"}
{"error":"Token verification failed: jwt malformed","level":"warn","message":"Authentication failed","service":"deriv-trading-saas","timestamp":"2026-03-06 13:24:29"}
{"error":"Token verification failed: jwt malformed","level":"warn","message":"Authentication failed","service":"deriv-trading-saas","timestamp":"2026-03-06 13:24:36"}
{"error":"Token verification failed: jwt malformed","level":"warn","message":"Authentication failed","service":"deriv-trading-saas","timestamp":"2026-03-06 13:24:37"}
{"error":"Token verification failed: jwt malformed","level":"warn","message":"Authentication failed","service":"deriv-trading-saas","timestamp":"2026-03-06 13:24:37"}
{"error":"Token verification failed: jwt malformed","level":"warn","message":"Authentication failed","service":"deriv-trading-saas","timestamp":"2026-03-06 13:24:37"}
{"error":"Token verification failed: jwt malformed","level":"warn","message":"Authentication failed","service":"deriv-trading-saas","timestamp":"2026-03-06 13:24:37"}
{"error":"Token verification failed: jwt malformed","level":"warn","message":"Authentication failed","service":"deriv-trading-saas","timestamp":"2026-03-06 13:24:38"}
{"error":"Token verification failed: jwt malformed","level":"warn","message":"Authentication failed","service":"deriv-trading-saas","timestamp":"2026-03-06 13:24:38"}
{"error":"Token verification failed: jwt malformed","level":"warn","message":"Authentication failed","service":"deriv-trading-saas","timestamp":"2026-03-06 13:24:38"}
{"email":"admin@trade.com","level":"info","message":"User logged in","service":"deriv-trading-saas","timestamp":"2026-03-06 13:35:36"}
{"error":"Token verification failed: jwt malformed","level":"warn","message":"Authentication failed","service":"deriv-trading-saas","timestamp":"2026-03-06 13:36:15"}
{"level":"info","message":"🚀 Server running on port 5000 {\"service\":\"deriv-trading-saas\"}","service":"deriv-trading-saas","timestamp":"2026-03-06 13:57:16"}
{"level":"info","message":"✅ Connected to Supabase/AWS PostgreSQL","service":"deriv-trading-saas","timestamp":"2026-03-06 13:57:21"}
{"level":"info","message":"✅ Database models synchronized","service":"deriv-trading-saas","timestamp":"2026-03-06 13:57:35"}
{"email":"admin@trade.com","level":"info","message":"User logged in","service":"deriv-trading-saas","timestamp":"2026-03-06 14:08:32"}
